{
"contracts\\jinGoFundMe.sol":{"l":{"16":0,"20":0,"21":0,"32":0,"36":0,"37":0,"41":0,"60":0,"67":0,"68":0,"72":0,"80":0,"87":0,"88":0,"89":0,"90":0,"92":0,"96":0,"112":0,"114":0,"116":0,"118":0,"120":0,"122":0,"124":0,"126":0,"128":0,"133":0,"134":0,"135":0,"141":0,"145":0,"146":0,"147":0,"148":0,"149":0,"150":0,"156":0},"path":"C:\\Users\\hp\\Documents\\GitHub\\mest-projects\\donationDapp\\contracts\\jinGoFundMe.sol","s":{"1":0,"2":0,"3":0,"4":0,"5":0,"6":0,"7":0,"8":0,"9":0,"10":0,"11":0,"12":0,"13":0,"14":0,"15":0,"16":0,"17":0,"18":0,"19":0,"20":0,"21":0,"22":0,"23":0},"b":{"1":[0,0],"2":[0,0],"3":[0,0],"4":[0,0],"5":[0,0],"6":[0,0],"7":[0,0],"8":[0,0],"9":[0,0],"10":[0,0],"11":[0,0],"12":[0,0]},"f":{"1":0,"2":0,"3":0,"4":0,"5":0,"6":0,"7":0,"8":0,"9":0,"10":0,"11":0,"12":0,"13":0},"fnMap":{"1":{"name":"constructor","line":15,"loc":{"start":{"line":15,"column":8},"end":{"line":17,"column":4}}},"2":{"name":"onlymoderator","line":19,"loc":{"start":{"line":19,"column":4},"end":{"line":22,"column":4}}},"3":{"name":"haltWithdrawals","line":31,"loc":{"start":{"line":31,"column":4},"end":{"line":33,"column":4}}},"4":{"name":"resumeWithdrawals","line":35,"loc":{"start":{"line":35,"column":4},"end":{"line":38,"column":4}}},"5":{"name":"hardlock","line":40,"loc":{"start":{"line":40,"column":4},"end":{"line":42,"column":4}}},"6":{"name":"submitRequest","line":59,"loc":{"start":{"line":59,"column":4},"end":{"line":69,"column":4}}},"7":{"name":"viewPendingRequests","line":71,"loc":{"start":{"line":71,"column":4},"end":{"line":73,"column":4}}},"8":{"name":"viewApprovedRequests","line":79,"loc":{"start":{"line":79,"column":4},"end":{"line":81,"column":4}}},"9":{"name":"approveRequest","line":86,"loc":{"start":{"line":86,"column":4},"end":{"line":93,"column":4}}},"10":{"name":"rejectRequest","line":95,"loc":{"start":{"line":95,"column":4},"end":{"line":97,"column":4}}},"11":{"name":"withdraw","line":110,"loc":{"start":{"line":110,"column":4},"end":{"line":129,"column":4}}},"12":{"name":"donate","line":132,"loc":{"start":{"line":132,"column":4},"end":{"line":142,"column":4}}},"13":{"name":"donateToRequest","line":144,"loc":{"start":{"line":144,"column":4},"end":{"line":157,"column":4}}}},"statementMap":{"1":{"start":{"line":20,"column":8},"end":{"line":20,"column":39}},"2":{"start":{"line":36,"column":8},"end":{"line":36,"column":101}},"3":{"start":{"line":60,"column":8},"end":{"line":60,"column":1328}},"4":{"start":{"line":67,"column":8},"end":{"line":67,"column":39}},"5":{"start":{"line":68,"column":8},"end":{"line":68,"column":43}},"6":{"start":{"line":72,"column":8},"end":{"line":72,"column":30}},"7":{"start":{"line":80,"column":8},"end":{"line":80,"column":31}},"8":{"start":{"line":87,"column":8},"end":{"line":87,"column":69}},"9":{"start":{"line":89,"column":8},"end":{"line":89,"column":37}},"10":{"start":{"line":92,"column":8},"end":{"line":92,"column":106}},"11":{"start":{"line":112,"column":8},"end":{"line":112,"column":72}},"12":{"start":{"line":114,"column":8},"end":{"line":114,"column":87}},"13":{"start":{"line":116,"column":8},"end":{"line":116,"column":114}},"14":{"start":{"line":118,"column":8},"end":{"line":118,"column":58}},"15":{"start":{"line":126,"column":8},"end":{"line":126,"column":43}},"16":{"start":{"line":128,"column":8},"end":{"line":128,"column":57}},"17":{"start":{"line":133,"column":8},"end":{"line":133,"column":58}},"18":{"start":{"line":135,"column":8},"end":{"line":135,"column":3594}},"19":{"start":{"line":141,"column":8},"end":{"line":141,"column":82}},"20":{"start":{"line":145,"column":8},"end":{"line":145,"column":63}},"21":{"start":{"line":147,"column":8},"end":{"line":147,"column":69}},"22":{"start":{"line":150,"column":8},"end":{"line":150,"column":4264}},"23":{"start":{"line":156,"column":8},"end":{"line":156,"column":119}}},"branchMap":{"1":{"line":20,"type":"if","locations":[{"start":{"line":20,"column":8},"end":{"line":20,"column":8}},{"start":{"line":20,"column":8},"end":{"line":20,"column":8}}]},"2":{"line":31,"type":"if","locations":[{"start":{"line":31,"column":38},"end":{"line":31,"column":38}},{"start":{"line":31,"column":38},"end":{"line":31,"column":38}}]},"3":{"line":35,"type":"if","locations":[{"start":{"line":35,"column":40},"end":{"line":35,"column":40}},{"start":{"line":35,"column":40},"end":{"line":35,"column":40}}]},"4":{"line":36,"type":"if","locations":[{"start":{"line":36,"column":8},"end":{"line":36,"column":8}},{"start":{"line":36,"column":8},"end":{"line":36,"column":8}}]},"5":{"line":40,"type":"if","locations":[{"start":{"line":40,"column":31},"end":{"line":40,"column":31}},{"start":{"line":40,"column":31},"end":{"line":40,"column":31}}]},"6":{"line":86,"type":"if","locations":[{"start":{"line":86,"column":52},"end":{"line":86,"column":52}},{"start":{"line":86,"column":52},"end":{"line":86,"column":52}}]},"7":{"line":95,"type":"if","locations":[{"start":{"line":95,"column":51},"end":{"line":95,"column":51}},{"start":{"line":95,"column":51},"end":{"line":95,"column":51}}]},"8":{"line":112,"type":"if","locations":[{"start":{"line":112,"column":8},"end":{"line":112,"column":8}},{"start":{"line":112,"column":8},"end":{"line":112,"column":8}}]},"9":{"line":114,"type":"if","locations":[{"start":{"line":114,"column":8},"end":{"line":114,"column":8}},{"start":{"line":114,"column":8},"end":{"line":114,"column":8}}]},"10":{"line":116,"type":"if","locations":[{"start":{"line":116,"column":8},"end":{"line":116,"column":8}},{"start":{"line":116,"column":8},"end":{"line":116,"column":8}}]},"11":{"line":133,"type":"if","locations":[{"start":{"line":133,"column":8},"end":{"line":133,"column":8}},{"start":{"line":133,"column":8},"end":{"line":133,"column":8}}]},"12":{"line":145,"type":"if","locations":[{"start":{"line":145,"column":8},"end":{"line":145,"column":8}},{"start":{"line":145,"column":8},"end":{"line":145,"column":8}}]}}},
"contracts\\Lock.sol":{"l":{"14":2,"19":1,"20":1,"27":5,"28":4,"30":3,"32":3},"path":"C:\\Users\\hp\\Documents\\GitHub\\mest-projects\\donationDapp\\contracts\\Lock.sol","s":{"1":2,"2":5,"3":4,"4":3,"5":3},"b":{"1":[1,1],"2":[4,1],"3":[3,1]},"f":{"1":2,"2":5},"fnMap":{"1":{"name":"constructor","line":13,"loc":{"start":{"line":13,"column":4},"end":{"line":21,"column":4}}},"2":{"name":"withdraw","line":23,"loc":{"start":{"line":23,"column":4},"end":{"line":33,"column":4}}}},"statementMap":{"1":{"start":{"line":14,"column":8},"end":{"line":14,"column":327}},"2":{"start":{"line":27,"column":8},"end":{"line":27,"column":71}},"3":{"start":{"line":28,"column":8},"end":{"line":28,"column":59}},"4":{"start":{"line":30,"column":8},"end":{"line":30,"column":63}},"5":{"start":{"line":32,"column":8},"end":{"line":32,"column":44}}},"branchMap":{"1":{"line":14,"type":"if","locations":[{"start":{"line":14,"column":8},"end":{"line":14,"column":8}},{"start":{"line":14,"column":8},"end":{"line":14,"column":8}}]},"2":{"line":27,"type":"if","locations":[{"start":{"line":27,"column":8},"end":{"line":27,"column":8}},{"start":{"line":27,"column":8},"end":{"line":27,"column":8}}]},"3":{"line":28,"type":"if","locations":[{"start":{"line":28,"column":8},"end":{"line":28,"column":8}},{"start":{"line":28,"column":8},"end":{"line":28,"column":8}}]}}}}
