TN:
SF:C:\Users\hp\Documents\GitHub\mest-projects\donationDapp\contracts\jinGoFundMe.sol
FN:15,constructor
FN:19,onlymoderator
FN:31,haltWithdrawals
FN:35,resumeWithdrawals
FN:40,hardlock
FN:59,submitRequest
FN:71,viewPendingRequests
FN:79,viewApprovedRequests
FN:86,approveRequest
FN:95,rejectRequest
FN:110,withdraw
FN:132,donate
FN:144,donateToRequest
FNF:13
FNH:0
FNDA:0,constructor
FNDA:0,onlymoderator
FNDA:0,haltWithdrawals
FNDA:0,resumeWithdrawals
FNDA:0,hardlock
FNDA:0,submitRequest
FNDA:0,viewPendingRequests
FNDA:0,viewApprovedRequests
FNDA:0,approveRequest
FNDA:0,rejectRequest
FNDA:0,withdraw
FNDA:0,donate
FNDA:0,donateToRequest
DA:16,0
DA:20,0
DA:21,0
DA:32,0
DA:36,0
DA:37,0
DA:41,0
DA:60,0
DA:67,0
DA:68,0
DA:72,0
DA:80,0
DA:87,0
DA:88,0
DA:89,0
DA:90,0
DA:92,0
DA:96,0
DA:112,0
DA:114,0
DA:116,0
DA:118,0
DA:120,0
DA:122,0
DA:124,0
DA:126,0
DA:128,0
DA:133,0
DA:134,0
DA:135,0
DA:141,0
DA:145,0
DA:146,0
DA:147,0
DA:148,0
DA:149,0
DA:150,0
DA:156,0
LF:38
LH:0
BRDA:20,1,0,0
BRDA:20,1,1,0
BRDA:31,2,0,0
BRDA:31,2,1,0
BRDA:35,3,0,0
BRDA:35,3,1,0
BRDA:36,4,0,0
BRDA:36,4,1,0
BRDA:40,5,0,0
BRDA:40,5,1,0
BRDA:86,6,0,0
BRDA:86,6,1,0
BRDA:95,7,0,0
BRDA:95,7,1,0
BRDA:112,8,0,0
BRDA:112,8,1,0
BRDA:114,9,0,0
BRDA:114,9,1,0
BRDA:116,10,0,0
BRDA:116,10,1,0
BRDA:133,11,0,0
BRDA:133,11,1,0
BRDA:145,12,0,0
BRDA:145,12,1,0
BRF:24
BRH:0
end_of_record
TN:
SF:C:\Users\hp\Documents\GitHub\mest-projects\donationDapp\contracts\Lock.sol
FN:13,constructor
FN:23,withdraw
FNF:2
FNH:2
FNDA:2,constructor
FNDA:5,withdraw
DA:14,2
DA:19,1
DA:20,1
DA:27,5
DA:28,4
DA:30,3
DA:32,3
LF:7
LH:7
BRDA:14,1,0,1
BRDA:14,1,1,1
BRDA:27,2,0,4
BRDA:27,2,1,1
BRDA:28,3,0,3
BRDA:28,3,1,1
BRF:6
BRH:6
end_of_record
